DEB [20240125-18:21:54.166] thr=1   paramiko.transport: starting thread (client mode): 0x3025850
DEB [20240125-18:21:54.167] thr=1   paramiko.transport: Local version/idstring: SSH-2.0-paramiko_3.4.0
ERR [20240125-18:22:09.231] thr=1   paramiko.transport: Exception (client): Error reading SSH protocol banner
ERR [20240125-18:22:09.246] thr=1   paramiko.transport: Traceback (most recent call last):
ERR [20240125-18:22:09.246] thr=1   paramiko.transport:   File "/Users/rba/Library/Python/3.9/lib/python/site-packages/paramiko/transport.py", line 2327, in _check_banner
ERR [20240125-18:22:09.246] thr=1   paramiko.transport:     buf = self.packetizer.readline(timeout)
ERR [20240125-18:22:09.246] thr=1   paramiko.transport:   File "/Users/rba/Library/Python/3.9/lib/python/site-packages/paramiko/packet.py", line 381, in readline
ERR [20240125-18:22:09.246] thr=1   paramiko.transport:     buf += self._read_timeout(timeout)
ERR [20240125-18:22:09.246] thr=1   paramiko.transport:   File "/Users/rba/Library/Python/3.9/lib/python/site-packages/paramiko/packet.py", line 626, in _read_timeout
ERR [20240125-18:22:09.246] thr=1   paramiko.transport:     raise socket.timeout()
ERR [20240125-18:22:09.246] thr=1   paramiko.transport: socket.timeout
ERR [20240125-18:22:09.246] thr=1   paramiko.transport: 
ERR [20240125-18:22:09.246] thr=1   paramiko.transport: During handling of the above exception, another exception occurred:
ERR [20240125-18:22:09.246] thr=1   paramiko.transport: 
ERR [20240125-18:22:09.246] thr=1   paramiko.transport: Traceback (most recent call last):
ERR [20240125-18:22:09.246] thr=1   paramiko.transport:   File "/Users/rba/Library/Python/3.9/lib/python/site-packages/paramiko/transport.py", line 2143, in run
ERR [20240125-18:22:09.246] thr=1   paramiko.transport:     self._check_banner()
ERR [20240125-18:22:09.246] thr=1   paramiko.transport:   File "/Users/rba/Library/Python/3.9/lib/python/site-packages/paramiko/transport.py", line 2331, in _check_banner
ERR [20240125-18:22:09.246] thr=1   paramiko.transport:     raise SSHException(
ERR [20240125-18:22:09.246] thr=1   paramiko.transport: paramiko.ssh_exception.SSHException: Error reading SSH protocol banner
ERR [20240125-18:22:09.246] thr=1   paramiko.transport: 
DEB [20240125-18:23:58.024] thr=1   paramiko.transport: starting thread (client mode): 0x4fb5820
DEB [20240125-18:23:58.026] thr=1   paramiko.transport: Local version/idstring: SSH-2.0-paramiko_3.4.0
DEB [20240125-18:23:58.049] thr=1   paramiko.transport: Remote version/idstring: SSH-2.0-OpenSSH_8.4p1 Debian-5+deb11u3
INF [20240125-18:23:58.049] thr=1   paramiko.transport: Connected (version 2.0, client OpenSSH_8.4p1)
DEB [20240125-18:23:58.060] thr=1   paramiko.transport: === Key exchange possibilities ===
DEB [20240125-18:23:58.061] thr=1   paramiko.transport: kex algos: curve25519-sha256, curve25519-sha256@libssh.org, ecdh-sha2-nistp256, ecdh-sha2-nistp384, ecdh-sha2-nistp521, diffie-hellman-group-exchange-sha256, diffie-hellman-group16-sha512, diffie-hellman-group18-sha512, diffie-hellman-group14-sha256, kex-strict-s-v00@openssh.com
DEB [20240125-18:23:58.061] thr=1   paramiko.transport: server key: rsa-sha2-512, rsa-sha2-256, ssh-rsa, ecdsa-sha2-nistp256, ssh-ed25519
DEB [20240125-18:23:58.061] thr=1   paramiko.transport: client encrypt: chacha20-poly1305@openssh.com, aes128-ctr, aes192-ctr, aes256-ctr, aes128-gcm@openssh.com, aes256-gcm@openssh.com
DEB [20240125-18:23:58.061] thr=1   paramiko.transport: server encrypt: chacha20-poly1305@openssh.com, aes128-ctr, aes192-ctr, aes256-ctr, aes128-gcm@openssh.com, aes256-gcm@openssh.com
DEB [20240125-18:23:58.061] thr=1   paramiko.transport: client mac: umac-64-etm@openssh.com, umac-128-etm@openssh.com, hmac-sha2-256-etm@openssh.com, hmac-sha2-512-etm@openssh.com, hmac-sha1-etm@openssh.com, umac-64@openssh.com, umac-128@openssh.com, hmac-sha2-256, hmac-sha2-512, hmac-sha1
DEB [20240125-18:23:58.061] thr=1   paramiko.transport: server mac: umac-64-etm@openssh.com, umac-128-etm@openssh.com, hmac-sha2-256-etm@openssh.com, hmac-sha2-512-etm@openssh.com, hmac-sha1-etm@openssh.com, umac-64@openssh.com, umac-128@openssh.com, hmac-sha2-256, hmac-sha2-512, hmac-sha1
DEB [20240125-18:23:58.061] thr=1   paramiko.transport: client compress: none, zlib@openssh.com
DEB [20240125-18:23:58.061] thr=1   paramiko.transport: server compress: none, zlib@openssh.com
DEB [20240125-18:23:58.061] thr=1   paramiko.transport: client lang: <none>
DEB [20240125-18:23:58.061] thr=1   paramiko.transport: server lang: <none>
DEB [20240125-18:23:58.061] thr=1   paramiko.transport: kex follows: False
DEB [20240125-18:23:58.061] thr=1   paramiko.transport: === Key exchange agreements ===
DEB [20240125-18:23:58.061] thr=1   paramiko.transport: Strict kex mode: True
DEB [20240125-18:23:58.061] thr=1   paramiko.transport: Kex: curve25519-sha256@libssh.org
DEB [20240125-18:23:58.061] thr=1   paramiko.transport: HostKey: ssh-ed25519
DEB [20240125-18:23:58.061] thr=1   paramiko.transport: Cipher: aes128-ctr
DEB [20240125-18:23:58.061] thr=1   paramiko.transport: MAC: hmac-sha2-256
DEB [20240125-18:23:58.061] thr=1   paramiko.transport: Compression: none
DEB [20240125-18:23:58.061] thr=1   paramiko.transport: === End of kex handshake ===
DEB [20240125-18:23:58.081] thr=1   paramiko.transport: Resetting outbound seqno after NEWKEYS due to strict mode
DEB [20240125-18:23:58.082] thr=1   paramiko.transport: kex engine KexCurve25519 specified hash_algo <built-in function openssl_sha256>
DEB [20240125-18:23:58.082] thr=1   paramiko.transport: Switch to new keys ...
DEB [20240125-18:23:58.082] thr=1   paramiko.transport: Resetting inbound seqno after NEWKEYS due to strict mode
DEB [20240125-18:23:58.082] thr=2   paramiko.transport: Adding ssh-ed25519 host key for 45.93.251.18: b'1274c31d193809ddf3e1172ace988293'
DEB [20240125-18:23:58.082] thr=1   paramiko.transport: Got EXT_INFO: {'server-sig-algs': b'ssh-ed25519,sk-ssh-ed25519@openssh.com,ssh-rsa,rsa-sha2-256,rsa-sha2-512,ssh-dss,ecdsa-sha2-nistp256,ecdsa-sha2-nistp384,ecdsa-sha2-nistp521,sk-ecdsa-sha2-nistp256@openssh.com,webauthn-sk-ecdsa-sha2-nistp256@openssh.com'}
DEB [20240125-18:23:58.085] thr=2   paramiko.transport: Trying SSH agent key b'4c9c555802ef3f485f5855ba1b5a85b6'
DEB [20240125-18:23:58.102] thr=1   paramiko.transport: userauth is OK
INF [20240125-18:23:58.177] thr=1   paramiko.transport: Authentication (publickey) failed.
DEB [20240125-18:23:58.350] thr=2   paramiko.transport: Trying discovered key b'adb01f4bd17576de6279b5643c04c8fa' in /Users/rba/.ssh/id_rsa
DEB [20240125-18:23:58.361] thr=1   paramiko.transport: userauth is OK
DEB [20240125-18:23:58.361] thr=1   paramiko.transport: Finalizing pubkey algorithm for key of type 'ssh-rsa'
DEB [20240125-18:23:58.361] thr=1   paramiko.transport: Our pubkey algorithm list: ['rsa-sha2-512', 'rsa-sha2-256', 'ssh-rsa']
DEB [20240125-18:23:58.361] thr=1   paramiko.transport: Server-side algorithm list: ['ssh-ed25519', 'sk-ssh-ed25519@openssh.com', 'ssh-rsa', 'rsa-sha2-256', 'rsa-sha2-512', 'ssh-dss', 'ecdsa-sha2-nistp256', 'ecdsa-sha2-nistp384', 'ecdsa-sha2-nistp521', 'sk-ecdsa-sha2-nistp256@openssh.com', 'webauthn-sk-ecdsa-sha2-nistp256@openssh.com']
DEB [20240125-18:23:58.361] thr=1   paramiko.transport: Agreed upon 'rsa-sha2-512' pubkey algorithm
INF [20240125-18:23:58.392] thr=1   paramiko.transport: Authentication (publickey) failed.
DEB [20240125-18:23:58.522] thr=1   paramiko.transport: userauth is OK
INF [20240125-18:23:58.549] thr=1   paramiko.transport: Authentication (password) successful!
DEB [20240125-18:23:58.549] thr=2   paramiko.transport: [chan 0] Max packet in: 32768 bytes
DEB [20240125-18:23:58.565] thr=1   paramiko.transport: Received global request "hostkeys-00@openssh.com"
DEB [20240125-18:23:58.565] thr=1   paramiko.transport: Rejecting "hostkeys-00@openssh.com" global request from server.
DEB [20240125-18:23:58.575] thr=1   paramiko.transport: [chan 0] Max packet out: 32768 bytes
DEB [20240125-18:23:58.575] thr=1   paramiko.transport: Secsh channel 0 opened.
DEB [20240125-18:23:58.588] thr=1   paramiko.transport: [chan 0] Sesch channel 0 request ok
DEB [20240125-18:23:58.590] thr=1   paramiko.transport: [chan 0] EOF received (0)
DEB [20240125-18:24:43.153] thr=2   paramiko.transport: [chan 0] EOF sent (0)
DEB [20240125-18:24:43.153] thr=2   paramiko.transport: Dropping user packet because connection is dead.
